../_functions.php
----------
../_mysql.php
----------
../_rewrite.php
----------
../_settings.php
----------
../about.php
----------
../ajax_spamfilter.php
----------
../articles.php
----------
../asearch.php
----------
../awards.php
----------
../buddies.php
----------
../calendar.php
----------
../cashbox.php
----------
../challenge.php
----------
../checklogin.php
----------
../clanwars.php
----------
../clanwars_details.php
----------
../code.php
----------
../comments.php
----------
../contact.php
----------
../counter.php
----------
../counter_stats.php
----------
../demos.php
----------
../download.php
----------
../error.php
----------
../faq.php
----------
../files.php
----------
../flags.php
----------
../forum.php
----------
../forum_topic.php
----------
../gallery.php
----------
../getlang.php
----------
../guestbook.php
----------
../history.php
----------
../imprint.php
----------
../index.php
----------
../joinus.php
----------
../latesttopics.php
----------
../links.php
----------
../linkus.php
----------
../login.php
----------
../loginoverview.php
----------
../logout.php
----------
../lostpassword.php
----------
../members.php
----------
../messenger.php
----------
../myprofile.php
----------
../navigation.php
----------
../news.php
----------
../news_comments.php
----------
../newsletter.php
----------
../out.php
----------
../partners.php
----------
../picture.php
----------
../poll.php
----------
../polls.php
----------
../printview.php
----------
../profile.php
----------
../quicksearch.php
----------
../rating.php
----------
../register.php
----------
../registered_users.php
----------
../report.php
----------
../sc_articles.php
----------
../sc_bannerrotation.php
----------
../sc_demos.php
----------
../sc_files.php
----------
../sc_headlines.php
----------
../sc_language.php
----------
../sc_lastregistered.php
----------
../sc_newsletter.php
----------
../sc_potm.php
----------
../sc_randompic.php
----------
../sc_results.php
----------
../sc_scrolltext.php
----------
../sc_servers.php
----------
../sc_sponsors.php
----------
../sc_squads.php
----------
../sc_tags.php
----------
../sc_topnews.php
----------
../sc_upcoming.php
----------
../search.php
----------
../server.php
----------
../shoutbox.php
----------
../shoutbox_content.php
----------
../smileys.php
----------
../sponsors.php
----------
../squads.php
----------
../static.php
----------
../tags.php
----------
../upload.php
----------
../usergallery.php
----------
../version.php
----------
../whoisonline.php
----------
../admin/about.php
----------
../admin/addons.php
----------
../admin/admincenter.php
----------
../admin/bannerrotation.php
----------
../admin/boards.php
----------
../admin/contact.php
----------
../admin/countries.php
----------
../admin/database.php
----------
../admin/faq.php
----------
../admin/faqcategories.php
----------
../admin/filecategories.php
----------
../admin/gallery.php
----------
../admin/games.php
----------
../admin/group-users.php
----------
../admin/groups.php
----------
../admin/history.php
----------
../admin/imprint.php
----------
../admin/index.php
----------
../admin/linkcategories.php
----------
../admin/lock.php
----------
../admin/members.php
----------
../admin/modrewrite.php
----------
../admin/newslanguages.php
----------
../admin/newsletter.php
----------
../admin/overview.php
----------
../admin/page_statistic.php
----------
../admin/partners.php
----------
../admin/ranks.php
----------
../admin/rubrics.php
----------
../admin/scrolltext.php
----------
../admin/servers.php
----------
../admin/settings.php
----------
../admin/smileys.php
----------
../admin/spam.php
----------
../admin/sponsors.php
----------
../admin/squads.php
----------
../admin/static.php
----------
../admin/styles.php
----------
../admin/update.php
----------
../admin/users.php
----------
../admin/visitor_statistic.php
----------
../admin/visitor_statistic_image.php
----------
../src/help.php
----------
../src/ip.php
----------
../src/login.php
----------
../src/modrewrite.php
----------
../src/seo.php
----------
../src/session.php
----------
../src/func/bbcode.php
----------
../src/func/board.php
----------
../src/func/captcha.php
----------
../src/func/datetime.php
----------
../src/func/feeds.php
----------
../src/func/filesystem.php
----------
../src/func/gallery.php
----------
../src/func/game.php
----------
../src/func/language.php
----------
../src/func/messenger.php
----------
../src/func/news.php
----------
../src/func/page.php
----------
../src/func/spam.php
----------
../src/func/tags.php
----------
../src/func/template.php
----------
../src/func/user.php
----------
../src/func/useraccess.php
----------
0 replaces